Time resolution is 1 ps

===== Pixel Matrix (5x16) =====
Row 0: 07 cb bd b5 82 fc c2 8a c7 80 3f 4a 7c 01 d4 44 
Row 1: 09 49 00 ae cf af 60 d8 f8 61 86 c7 10 e7 a0 09 
Row 2: 4a 23 b9 dd f3 d2 c1 3d f5 7a 1b e9 4c dc 26 42 
Row 3: b2 8e b5 b0 88 45 72 3b d4 28 eb 5c 6d 5d 97 41 
Row 4: 65 2f 29 c8 c1 90 d2 26 c0 fb ee 81 8c c0 a7 4c 
GEN pixels------------------------------------

===== Kernel (3x3 Sobel Horizontal) =====
    -1    0    1 
    -2    0    2 
    -1    0    1 
KERNEL------------------------------------

===== Golden Convolution Output (3x14) =====
Row 0: 255 255 255  62   0   0 255   0   0 255   0   0 255   0 
Row 1: 216 255 255   0   0   0 255   0   0 255   0   7 110   0 
Row 2:  57 255 120   0   0   0 230 236   0  93   0  52  73   0 
COMPUTE GOLDEN------------------------------------
RESET OVER------------------------------------
Drove row 0 into line buffer
Drove row 1 into line buffer
Drove row 2 into line buffer

buf_ready asserted - starting convolution sweep

Prefetched row 3 into lane 3
Prefetched row 4 into lane 0

===== Comparison: Golden vs DUT =====
Row 0: 255 255 255  62   0   0 255   0   0 255   0   0 255   0 
Row 1: 216 255 255   0   0   0 255   0   0 255   0   7 110   0 
Row 2:  57 255 120   0   0   0 230 236   0  93   0  52  73   0 

===== Final Result =====
PASS: All 42 checks matched.
$finish called at time : 1025 ns : File "D:/Myproj/GitHub/convAccProject/lineBuffer/lineBuffer.srcs/sim_1/new/lineBuffer_tb.sv" Line 333
