
*** Running vivado
    with args -log loopBackFifoBD_lpbk_tst_0_0.vds -m64 -product Vivado -mode batch -messageDb vivado.pb -notrace -source loopBackFifoBD_lpbk_tst_0_0.tcl



****** Vivado v2025.2 (64-bit)
  **** SW Build 6299465 on Fri Nov 14 19:35:11 GMT 2025
  **** IP Build 6300035 on Fri Nov 14 10:48:45 MST 2025
  **** SharedData Build 6298862 on Thu Nov 13 04:50:51 MST 2025
  **** Start of session at: Sat Apr 11 14:43:19 2026
    ** Copyright 1986-2022 Xilinx, Inc. All Rights Reserved.
    ** Copyright 2022-2025 Advanced Micro Devices, Inc. All Rights Reserved.

source loopBackFifoBD_lpbk_tst_0_0.tcl -notrace
create_project: Time (s): cpu = 00:00:13 ; elapsed = 00:00:08 . Memory (MB): peak = 528.770 ; gain = 220.145
INFO: [IP_Flow 19-234] Refreshing IP repositories
INFO: [IP_Flow 19-1700] Loaded user IP repository 'c:/Users/Dhruv/AppData/Roaming/Xilinx/ip_repo'.
INFO: [IP_Flow 19-2313] Loaded Vivado IP repository 'D:/AMDDesignTools/2025.2/Vivado/data/ip'.
Command: synth_design -top loopBackFifoBD_lpbk_tst_0_0 -part xc7z020clg400-1 -incremental_mode off -mode out_of_context
Starting synth_design
Attempting to get a license for feature 'Synthesis' and/or device 'xc7z020'
INFO: [Common 17-349] Got license for feature 'Synthesis' and/or device 'xc7z020'
INFO: [Designutils 20-5008] Incremental synthesis strategy off
INFO: [Synth 8-7079] Multithreading enabled for synth_design using a maximum of 2 processes.
INFO: [Synth 8-7078] Launching helper process for spawning children vivado processes
INFO: [Synth 8-7075] Helper process launched with PID 22984
---------------------------------------------------------------------------------
Starting Synthesize : Time (s): cpu = 00:00:06 ; elapsed = 00:00:06 . Memory (MB): peak = 1090.160 ; gain = 535.441
---------------------------------------------------------------------------------
INFO: [Synth 8-6157] synthesizing module 'loopBackFifoBD_lpbk_tst_0_0' [d:/Myproj/GitHub/convAccProject/LoopBackFIFO/LoopBackFIFO.gen/sources_1/bd/loopBackFifoBD/ip/loopBackFifoBD_lpbk_tst_0_0/synth/loopBackFifoBD_lpbk_tst_0_0.sv:53]
INFO: [Synth 8-6157] synthesizing module 'lpbk_tst' [d:/Myproj/GitHub/convAccProject/LoopBackFIFO/LoopBackFIFO.gen/sources_1/bd/loopBackFifoBD/ipshared/d30f/src/lpbk_tst.sv:172]
INFO: [Synth 8-6157] synthesizing module 'axis_fifo_s' [d:/Myproj/GitHub/convAccProject/LoopBackFIFO/LoopBackFIFO.gen/sources_1/bd/loopBackFifoBD/ipshared/d30f/src/lpbk_tst.sv:366]
INFO: [Synth 8-6155] done synthesizing module 'axis_fifo_s' (0#1) [d:/Myproj/GitHub/convAccProject/LoopBackFIFO/LoopBackFIFO.gen/sources_1/bd/loopBackFifoBD/ipshared/d30f/src/lpbk_tst.sv:366]
INFO: [Synth 8-6157] synthesizing module 'axis_fifo_m' [d:/Myproj/GitHub/convAccProject/LoopBackFIFO/LoopBackFIFO.gen/sources_1/bd/loopBackFifoBD/ipshared/d30f/src/lpbk_tst.sv:652]
INFO: [Synth 8-6155] done synthesizing module 'axis_fifo_m' (0#1) [d:/Myproj/GitHub/convAccProject/LoopBackFIFO/LoopBackFIFO.gen/sources_1/bd/loopBackFifoBD/ipshared/d30f/src/lpbk_tst.sv:652]
INFO: [Synth 8-6155] done synthesizing module 'lpbk_tst' (0#1) [d:/Myproj/GitHub/convAccProject/LoopBackFIFO/LoopBackFIFO.gen/sources_1/bd/loopBackFifoBD/ipshared/d30f/src/lpbk_tst.sv:172]
INFO: [Synth 8-6155] done synthesizing module 'loopBackFifoBD_lpbk_tst_0_0' (0#1) [d:/Myproj/GitHub/convAccProject/LoopBackFIFO/LoopBackFIFO.gen/sources_1/bd/loopBackFifoBD/ip/loopBackFifoBD_lpbk_tst_0_0/synth/loopBackFifoBD_lpbk_tst_0_0.sv:53]
INFO: [Synth 8-7129] Port s01_axis_tstrb[3] in module lpbk_tst is either unconnected or has no load
INFO: [Synth 8-7129] Port s01_axis_tstrb[2] in module lpbk_tst is either unconnected or has no load
INFO: [Synth 8-7129] Port s01_axis_tstrb[1] in module lpbk_tst is either unconnected or has no load
INFO: [Synth 8-7129] Port s01_axis_tstrb[0] in module lpbk_tst is either unconnected or has no load
INFO: [Synth 8-7129] Port m00_axis_aclk in module lpbk_tst is either unconnected or has no load
INFO: [Synth 8-7129] Port m00_axis_aresetn in module lpbk_tst is either unconnected or has no load
---------------------------------------------------------------------------------
Finished Synthesize : Time (s): cpu = 00:00:07 ; elapsed = 00:00:08 . Memory (MB): peak = 1210.125 ; gain = 655.406
---------------------------------------------------------------------------------
---------------------------------------------------------------------------------
Finished Constraint Validation : Time (s): cpu = 00:00:08 ; elapsed = 00:00:08 . Memory (MB): peak = 1210.125 ; gain = 655.406
---------------------------------------------------------------------------------
---------------------------------------------------------------------------------
Start Loading Part and Timing Information
---------------------------------------------------------------------------------
Loading part: xc7z020clg400-1
---------------------------------------------------------------------------------
INFO: [Device 21-403] Loading part xc7z020clg400-1
Finished Loading Part and Timing Information : Time (s): cpu = 00:00:08 ; elapsed = 00:00:08 . Memory (MB): peak = 1210.125 ; gain = 655.406
---------------------------------------------------------------------------------
INFO: [Synth 8-802] inferred FSM for state register 'br_state_reg' in module 'lpbk_tst'
---------------------------------------------------------------------------------------------------
                   State |                     New Encoding |                Previous Encoding 
---------------------------------------------------------------------------------------------------
                 BR_IDLE |                              001 |                               00
              BR_PENDING |                              010 |                               01
                BR_WRITE |                              100 |                               10
---------------------------------------------------------------------------------------------------
INFO: [Synth 8-3354] encoded FSM with state register 'br_state_reg' using encoding 'one-hot' in module 'lpbk_tst'
---------------------------------------------------------------------------------
Finished RTL Optimization Phase 2 : Time (s): cpu = 00:00:08 ; elapsed = 00:00:09 . Memory (MB): peak = 1210.125 ; gain = 655.406
---------------------------------------------------------------------------------
No constraint files found.
---------------------------------------------------------------------------------
Start RTL Component Statistics 
---------------------------------------------------------------------------------
Detailed RTL Component Info : 
+---Adders : 
	   2 Input   32 Bit       Adders := 2     
	   2 Input   10 Bit       Adders := 7     
	   3 Input   10 Bit       Adders := 2     
	   2 Input    6 Bit       Adders := 1     
+---Registers : 
	               33 Bit    Registers := 1     
	               32 Bit    Registers := 2     
	               10 Bit    Registers := 5     
	                6 Bit    Registers := 1     
	                1 Bit    Registers := 4     
+---RAMs : 
	              16K Bit	(512 X 33 bit)          RAMs := 1     
	              16K Bit	(512 X 32 bit)          RAMs := 1     
	              512 Bit	(512 X 1 bit)          RAMs := 1     
+---Muxes : 
	   2 Input    1 Bit        Muxes := 3     
	   3 Input    1 Bit        Muxes := 1     
---------------------------------------------------------------------------------
Finished RTL Component Statistics 
---------------------------------------------------------------------------------
---------------------------------------------------------------------------------
Start Part Resource Summary
---------------------------------------------------------------------------------
Part Resources:
DSPs: 220 (col length:60)
BRAMs: 280 (col length: RAMB18 60 RAMB36 30)
---------------------------------------------------------------------------------
Finished Part Resource Summary
---------------------------------------------------------------------------------
No constraint files found.
---------------------------------------------------------------------------------
Start Cross Boundary and Area Optimization
---------------------------------------------------------------------------------
INFO: [Synth 8-3936] Found unconnected internal register 'inst/u_in_fifo/rd_data_reg' and it is trimmed from '33' to '32' bits. [d:/Myproj/GitHub/convAccProject/LoopBackFIFO/LoopBackFIFO.gen/sources_1/bd/loopBackFifoBD/ipshared/d30f/src/lpbk_tst.sv:475]
INFO: [Synth 8-3917] design loopBackFifoBD_lpbk_tst_0_0 has port m00_axis_tstrb[3] driven by constant 1
INFO: [Synth 8-3917] design loopBackFifoBD_lpbk_tst_0_0 has port m00_axis_tstrb[2] driven by constant 1
INFO: [Synth 8-3917] design loopBackFifoBD_lpbk_tst_0_0 has port m00_axis_tstrb[1] driven by constant 1
INFO: [Synth 8-3917] design loopBackFifoBD_lpbk_tst_0_0 has port m00_axis_tstrb[0] driven by constant 1
INFO: [Synth 8-7129] Port s01_axis_tstrb[3] in module loopBackFifoBD_lpbk_tst_0_0 is either unconnected or has no load
INFO: [Synth 8-7129] Port s01_axis_tstrb[2] in module loopBackFifoBD_lpbk_tst_0_0 is either unconnected or has no load
INFO: [Synth 8-7129] Port s01_axis_tstrb[1] in module loopBackFifoBD_lpbk_tst_0_0 is either unconnected or has no load
INFO: [Synth 8-7129] Port s01_axis_tstrb[0] in module loopBackFifoBD_lpbk_tst_0_0 is either unconnected or has no load
INFO: [Synth 8-7129] Port m00_axis_aclk in module loopBackFifoBD_lpbk_tst_0_0 is either unconnected or has no load
INFO: [Synth 8-7129] Port m00_axis_aresetn in module loopBackFifoBD_lpbk_tst_0_0 is either unconnected or has no load
---------------------------------------------------------------------------------
Finished Cross Boundary and Area Optimization : Time (s): cpu = 00:00:12 ; elapsed = 00:00:13 . Memory (MB): peak = 1447.309 ; gain = 892.590
---------------------------------------------------------------------------------
---------------------------------------------------------------------------------
Start ROM, RAM, DSP, Shift Register and Retiming Reporting
---------------------------------------------------------------------------------

Block RAM: Preliminary Mapping Report (see note below)
+----------------------------+-------------------------+------------------------+---+---+------------------------+---+---+------------------+--------+--------+
|Module Name                 | RTL Object              | PORT A (Depth x Width) | W | R | PORT B (Depth x Width) | W | R | Ports driving FF | RAMB18 | RAMB36 | 
+----------------------------+-------------------------+------------------------+---+---+------------------------+---+---+------------------+--------+--------+
|loopBackFifoBD_lpbk_tst_0_0 | inst/u_out_fifo/mem_reg | 512 x 32(READ_FIRST)   | W |   | 512 x 32(WRITE_FIRST)  |   | R | Port A and B     | 1      | 0      | 
|loopBackFifoBD_lpbk_tst_0_0 | inst/u_in_fifo/mem_reg  | 512 x 33(READ_FIRST)   | W |   | 512 x 32(WRITE_FIRST)  |   | R | Port A and B     | 1      | 0      | 
+----------------------------+-------------------------+------------------------+---+---+------------------------+---+---+------------------+--------+--------+

Note: The table above is a preliminary report that shows the Block RAMs at the current stage of the synthesis flow. Some Block RAMs may be reimplemented as non Block RAM primitives later in the synthesis flow. Multiple instantiated Block RAMs are reported only once. 

Distributed RAM: Preliminary Mapping Report (see note below)
+----------------------------+-------------------------------+-----------+----------------------+----------------+
|Module Name                 | RTL Object                    | Inference | Size (Depth x Width) | Primitives     | 
+----------------------------+-------------------------------+-----------+----------------------+----------------+
|loopBackFifoBD_lpbk_tst_0_0 | inst/u_out_fifo/tlast_mem_reg | Implied   | 512 x 1              | RAM128X1D x 4  | 
+----------------------------+-------------------------------+-----------+----------------------+----------------+

Note: The table above is a preliminary report that shows the Distributed RAMs at the current stage of the synthesis flow. Some Distributed RAMs may be reimplemented as non Distributed RAM primitives later in the synthesis flow. Multiple instantiated RAMs are reported only once.
---------------------------------------------------------------------------------
Finished ROM, RAM, DSP, Shift Register and Retiming Reporting
---------------------------------------------------------------------------------
No constraint files found.
---------------------------------------------------------------------------------
Start Timing Optimization
---------------------------------------------------------------------------------
---------------------------------------------------------------------------------
Finished Timing Optimization : Time (s): cpu = 00:00:12 ; elapsed = 00:00:13 . Memory (MB): peak = 1447.309 ; gain = 892.590
---------------------------------------------------------------------------------
---------------------------------------------------------------------------------
Start ROM, RAM, DSP, Shift Register and Retiming Reporting
---------------------------------------------------------------------------------

Block RAM: Final Mapping Report
+----------------------------+-------------------------+------------------------+---+---+------------------------+---+---+------------------+--------+--------+
|Module Name                 | RTL Object              | PORT A (Depth x Width) | W | R | PORT B (Depth x Width) | W | R | Ports driving FF | RAMB18 | RAMB36 | 
+----------------------------+-------------------------+------------------------+---+---+------------------------+---+---+------------------+--------+--------+
|loopBackFifoBD_lpbk_tst_0_0 | inst/u_out_fifo/mem_reg | 512 x 32(READ_FIRST)   | W |   | 512 x 32(WRITE_FIRST)  |   | R | Port A and B     | 1      | 0      | 
|loopBackFifoBD_lpbk_tst_0_0 | inst/u_in_fifo/mem_reg  | 512 x 33(READ_FIRST)   | W |   | 512 x 32(WRITE_FIRST)  |   | R | Port A and B     | 1      | 0      | 
+----------------------------+-------------------------+------------------------+---+---+------------------------+---+---+------------------+--------+--------+


Distributed RAM: Final Mapping Report
+----------------------------+-------------------------------+-----------+----------------------+----------------+
|Module Name                 | RTL Object                    | Inference | Size (Depth x Width) | Primitives     | 
+----------------------------+-------------------------------+-----------+----------------------+----------------+
|loopBackFifoBD_lpbk_tst_0_0 | inst/u_out_fifo/tlast_mem_reg | Implied   | 512 x 1              | RAM128X1D x 4  | 
+----------------------------+-------------------------------+-----------+----------------------+----------------+

---------------------------------------------------------------------------------
Finished ROM, RAM, DSP, Shift Register and Retiming Reporting
---------------------------------------------------------------------------------
---------------------------------------------------------------------------------
Start Technology Mapping
---------------------------------------------------------------------------------
INFO: [Synth 8-7052] The timing for the instance inst/u_out_fifo/mem_reg (implemented as a Block RAM) might be sub-optimal as no optional output register could be merged into the ram block. Providing additional output register may help in improving timing.
---------------------------------------------------------------------------------
Finished Technology Mapping : Time (s): cpu = 00:00:12 ; elapsed = 00:00:13 . Memory (MB): peak = 1447.309 ; gain = 892.590
---------------------------------------------------------------------------------
---------------------------------------------------------------------------------
Start IO Insertion
---------------------------------------------------------------------------------
---------------------------------------------------------------------------------
Start Flattening Before IO Insertion
---------------------------------------------------------------------------------
---------------------------------------------------------------------------------
Finished Flattening Before IO Insertion
---------------------------------------------------------------------------------
---------------------------------------------------------------------------------
Start Final Netlist Cleanup
---------------------------------------------------------------------------------
---------------------------------------------------------------------------------
Finished Final Netlist Cleanup
---------------------------------------------------------------------------------
---------------------------------------------------------------------------------
Finished IO Insertion : Time (s): cpu = 00:00:16 ; elapsed = 00:00:17 . Memory (MB): peak = 1678.332 ; gain = 1123.613
---------------------------------------------------------------------------------
---------------------------------------------------------------------------------
Start Renaming Generated Instances
---------------------------------------------------------------------------------
---------------------------------------------------------------------------------
Finished Renaming Generated Instances : Time (s): cpu = 00:00:16 ; elapsed = 00:00:17 . Memory (MB): peak = 1678.332 ; gain = 1123.613
---------------------------------------------------------------------------------
---------------------------------------------------------------------------------
Start Rebuilding User Hierarchy
---------------------------------------------------------------------------------
---------------------------------------------------------------------------------
Finished Rebuilding User Hierarchy : Time (s): cpu = 00:00:16 ; elapsed = 00:00:17 . Memory (MB): peak = 1678.332 ; gain = 1123.613
---------------------------------------------------------------------------------
---------------------------------------------------------------------------------
Start Renaming Generated Ports
---------------------------------------------------------------------------------
---------------------------------------------------------------------------------
Finished Renaming Generated Ports : Time (s): cpu = 00:00:16 ; elapsed = 00:00:17 . Memory (MB): peak = 1678.332 ; gain = 1123.613
---------------------------------------------------------------------------------
---------------------------------------------------------------------------------
Start Handling Custom Attributes
---------------------------------------------------------------------------------
---------------------------------------------------------------------------------
Finished Handling Custom Attributes : Time (s): cpu = 00:00:16 ; elapsed = 00:00:17 . Memory (MB): peak = 1678.332 ; gain = 1123.613
---------------------------------------------------------------------------------
---------------------------------------------------------------------------------
Start Renaming Generated Nets
---------------------------------------------------------------------------------
---------------------------------------------------------------------------------
Finished Renaming Generated Nets : Time (s): cpu = 00:00:16 ; elapsed = 00:00:17 . Memory (MB): peak = 1678.332 ; gain = 1123.613
---------------------------------------------------------------------------------
---------------------------------------------------------------------------------
Start Writing Synthesis Report
---------------------------------------------------------------------------------

Report BlackBoxes: 
+-+--------------+----------+
| |BlackBox name |Instances |
+-+--------------+----------+
+-+--------------+----------+

Report Cell Usage: 
+------+----------+------+
|      |Cell      |Count |
+------+----------+------+
|1     |CARRY4    |     6|
|2     |LUT1      |     8|
|3     |LUT2      |    14|
|4     |LUT3      |    23|
|5     |LUT4      |    15|
|6     |LUT5      |    15|
|7     |LUT6      |    30|
|8     |RAM128X1D |     4|
|9     |RAMB18E1  |     2|
|10    |FDRE      |    63|
|11    |FDSE      |     1|
+------+----------+------+

Report Instance Areas: 
+------+---------------+------------+------+
|      |Instance       |Module      |Cells |
+------+---------------+------------+------+
|1     |top            |            |   181|
|2     |  inst         |lpbk_tst    |   181|
|3     |    u_in_fifo  |axis_fifo_s |    58|
|4     |    u_out_fifo |axis_fifo_m |   118|
+------+---------------+------------+------+
---------------------------------------------------------------------------------
Finished Writing Synthesis Report : Time (s): cpu = 00:00:16 ; elapsed = 00:00:17 . Memory (MB): peak = 1678.332 ; gain = 1123.613
---------------------------------------------------------------------------------
Synthesis finished with 0 errors, 0 critical warnings and 0 warnings.
Synthesis Optimization Runtime : Time (s): cpu = 00:00:16 ; elapsed = 00:00:17 . Memory (MB): peak = 1678.332 ; gain = 1123.613
Synthesis Optimization Complete : Time (s): cpu = 00:00:16 ; elapsed = 00:00:17 . Memory (MB): peak = 1678.332 ; gain = 1123.613
INFO: [Project 1-571] Translating synthesized netlist
Netlist sorting complete. Time (s): cpu = 00:00:00 ; elapsed = 00:00:00.003 . Memory (MB): peak = 1692.465 ; gain = 0.000
INFO: [Netlist 29-17] Analyzing 12 Unisim elements for replacement
INFO: [Netlist 29-28] Unisim Transformation completed in 0 CPU seconds
INFO: [Project 1-570] Preparing netlist for logic optimization
INFO: [Opt 31-138] Pushed 0 inverter(s) to 0 load pin(s).
Netlist sorting complete. Time (s): cpu = 00:00:00 ; elapsed = 00:00:00 . Memory (MB): peak = 1810.555 ; gain = 0.000
INFO: [Project 1-111] Unisim Transformation Summary:
  A total of 4 instances were transformed.
  RAM128X1D => RAM128X1D (MUXF7(x2), RAMD64E(x4)): 4 instances

Synth Design complete | Checksum: bb32895e
INFO: [Common 17-83] Releasing license: Synthesis
44 Infos, 0 Warnings, 0 Critical Warnings and 0 Errors encountered.
synth_design completed successfully
synth_design: Time (s): cpu = 00:00:18 ; elapsed = 00:00:19 . Memory (MB): peak = 1810.555 ; gain = 1255.855
INFO: [Timing 38-35] Done setting XDC timing constraints.
Write ShapeDB Complete: Time (s): cpu = 00:00:00 ; elapsed = 00:00:00.001 . Memory (MB): peak = 1810.555 ; gain = 0.000
INFO: [Common 17-1381] The checkpoint 'D:/Myproj/GitHub/convAccProject/LoopBackFIFO/LoopBackFIFO.runs/loopBackFifoBD_lpbk_tst_0_0_synth_1/loopBackFifoBD_lpbk_tst_0_0.dcp' has been generated.
write_checkpoint: Time (s): cpu = 00:00:06 ; elapsed = 00:00:07 . Memory (MB): peak = 1810.555 ; gain = 0.000
INFO: [Coretcl 2-1648] Added synthesis output to IP cache for IP loopBackFifoBD_lpbk_tst_0_0, cache-ID = dbe1377fdb8bb711
INFO: [Coretcl 2-1174] Renamed 3 cell refs.
Write ShapeDB Complete: Time (s): cpu = 00:00:00 ; elapsed = 00:00:00.003 . Memory (MB): peak = 1810.555 ; gain = 0.000
INFO: [Common 17-1381] The checkpoint 'D:/Myproj/GitHub/convAccProject/LoopBackFIFO/LoopBackFIFO.runs/loopBackFifoBD_lpbk_tst_0_0_synth_1/loopBackFifoBD_lpbk_tst_0_0.dcp' has been generated.
INFO: [Vivado 12-24828] Executing command : report_utilization -file loopBackFifoBD_lpbk_tst_0_0_utilization_synth.rpt -pb loopBackFifoBD_lpbk_tst_0_0_utilization_synth.pb
INFO: [Common 17-206] Exiting Vivado at Sat Apr 11 14:43:59 2026...
