Time resolution is 1 ps
UVM_INFO D:/AMDDesignTools/2025.2/Vivado/data/system_verilog/uvm_1.2/xlnx_uvm_package.sv(18601) @ 0: reporter [UVM/RELNOTES] 
----------------------------------------------------------------
UVM-1.2
(C) 2007-2014 Mentor Graphics Corporation
(C) 2007-2014 Cadence Design Systems, Inc.
(C) 2006-2014 Synopsys, Inc.
(C) 2011-2013 Cypress Semiconductor Corp.
(C) 2013-2014 NVIDIA Corporation
----------------------------------------------------------------

  ***********       IMPORTANT RELEASE NOTES         ************

  You are using a version of the UVM library that has been compiled
  with `UVM_NO_DEPRECATED undefined.

  You are using a version of the UVM library that has been compiled
  with `UVM_OBJECT_DO_NOT_NEED_CONSTRUCTOR undefined.

      (Specify +UVM_NO_RELNOTES to turn off this notice)

UVM_INFO @ 0: reporter [RNTST] Running test test...
UVM_INFO D:/AMDDesignTools/2025.2/Vivado/data/system_verilog/uvm_1.2/xlnx_uvm_package.sv(20867) @ 0: reporter [UVM/COMP/NAMECHECK] This implementation of the component name checks requires DPI to be enabled
----------------------------------------------------------------------------------
Name                           Type          Size  Value                          
----------------------------------------------------------------------------------
t                              trn           -     @565                           
  row_width                    integral      6     'h10                           
  rows                         integral      10    'h10                           
  k00                          integral      9     'h1ff                          
  k01                          integral      9     'h0                            
  k02                          integral      9     'h1                            
  k10                          integral      9     'h1fe                          
  k11                          integral      9     'h0                            
  k12                          integral      9     'h2                            
  k20                          integral      9     'h1ff                          
  k21                          integral      9     'h0                            
  k22                          integral      9     'h1                            
  data                         da(integral)  257   -                              
    [0]                        integral      8     'h0                            
    [1]                        integral      8     'h1                            
    [2]                        integral      8     'h2                            
    [3]                        integral      8     'h3                            
    [4]                        integral      8     'h4                            
    ...                        ...           ...   ...                            
    [252]                      integral      8     'hfc                           
    [253]                      integral      8     'hfd                           
    [254]                      integral      8     'hfe                           
    [255]                      integral      8     'hff                           
    [256]                      integral      8     'h0                            
  packed_data                  da(integral)  64    -                              
    [0]                        integral      32    'h4030201                      
    [1]                        integral      32    'h8070605                      
    [2]                        integral      32    'hc0b0a09                      
    [3]                        integral      32    'h100f0e0d                     
    [4]                        integral      32    'h14131211                     
    ...                        ...           ...   ...                            
    [59]                       integral      32    'hf0efeeed                     
    [60]                       integral      32    'hf4f3f2f1                     
    [61]                       integral      32    'hf8f7f6f5                     
    [62]                       integral      32    'hfcfbfaf9                     
    [63]                       integral      32    'hfffefd                       
  begin_time                   time          64    25000                          
  depth                        int           32    'd2                            
  parent sequence (name)       string        2     sq                             
  parent sequence (full name)  string        31    uvm_test_top.env.wagent.seqr.sq
  sequencer                    string        28    uvm_test_top.env.wagent.seqr   
----------------------------------------------------------------------------------
UVM_INFO D:/Myproj/GitHub/convAccProject/convDesignTop/convDesignTop.srcs/sim_1/new/writeDriver.sv(70) @ 85000: uvm_test_top.env.wagent.wdrv [writeDrv] Driving data
UVM_INFO D:/Myproj/GitHub/convAccProject/convDesignTop/convDesignTop.srcs/sim_1/new/writeDriver.sv(70) @ 95000: uvm_test_top.env.wagent.wdrv [writeDrv] Driving data
UVM_INFO D:/Myproj/GitHub/convAccProject/convDesignTop/convDesignTop.srcs/sim_1/new/writeDriver.sv(70) @ 105000: uvm_test_top.env.wagent.wdrv [writeDrv] Driving data
UVM_INFO D:/Myproj/GitHub/convAccProject/convDesignTop/convDesignTop.srcs/sim_1/new/writeDriver.sv(70) @ 115000: uvm_test_top.env.wagent.wdrv [writeDrv] Driving data
UVM_INFO D:/Myproj/GitHub/convAccProject/convDesignTop/convDesignTop.srcs/sim_1/new/writeDriver.sv(70) @ 125000: uvm_test_top.env.wagent.wdrv [writeDrv] Driving data
UVM_INFO D:/Myproj/GitHub/convAccProject/convDesignTop/convDesignTop.srcs/sim_1/new/writeDriver.sv(70) @ 135000: uvm_test_top.env.wagent.wdrv [writeDrv] Driving data
UVM_INFO D:/Myproj/GitHub/convAccProject/convDesignTop/convDesignTop.srcs/sim_1/new/writeDriver.sv(70) @ 145000: uvm_test_top.env.wagent.wdrv [writeDrv] Driving data
UVM_INFO D:/Myproj/GitHub/convAccProject/convDesignTop/convDesignTop.srcs/sim_1/new/writeDriver.sv(70) @ 155000: uvm_test_top.env.wagent.wdrv [writeDrv] Driving data
UVM_INFO D:/Myproj/GitHub/convAccProject/convDesignTop/convDesignTop.srcs/sim_1/new/writeDriver.sv(70) @ 165000: uvm_test_top.env.wagent.wdrv [writeDrv] Driving data
UVM_INFO D:/Myproj/GitHub/convAccProject/convDesignTop/convDesignTop.srcs/sim_1/new/writeDriver.sv(70) @ 175000: uvm_test_top.env.wagent.wdrv [writeDrv] Driving data
UVM_INFO D:/Myproj/GitHub/convAccProject/convDesignTop/convDesignTop.srcs/sim_1/new/writeDriver.sv(70) @ 185000: uvm_test_top.env.wagent.wdrv [writeDrv] Driving data
UVM_INFO D:/Myproj/GitHub/convAccProject/convDesignTop/convDesignTop.srcs/sim_1/new/writeDriver.sv(70) @ 195000: uvm_test_top.env.wagent.wdrv [writeDrv] Driving data
UVM_INFO D:/Myproj/GitHub/convAccProject/convDesignTop/convDesignTop.srcs/sim_1/new/writeDriver.sv(70) @ 205000: uvm_test_top.env.wagent.wdrv [writeDrv] Driving data
UVM_INFO D:/Myproj/GitHub/convAccProject/convDesignTop/convDesignTop.srcs/sim_1/new/writeDriver.sv(70) @ 215000: uvm_test_top.env.wagent.wdrv [writeDrv] Driving data
UVM_INFO D:/Myproj/GitHub/convAccProject/convDesignTop/convDesignTop.srcs/sim_1/new/writeDriver.sv(70) @ 225000: uvm_test_top.env.wagent.wdrv [writeDrv] Driving data
UVM_INFO D:/Myproj/GitHub/convAccProject/convDesignTop/convDesignTop.srcs/sim_1/new/writeDriver.sv(70) @ 235000: uvm_test_top.env.wagent.wdrv [writeDrv] Driving data
UVM_INFO D:/Myproj/GitHub/convAccProject/convDesignTop/convDesignTop.srcs/sim_1/new/writeDriver.sv(70) @ 245000: uvm_test_top.env.wagent.wdrv [writeDrv] Driving data
UVM_INFO D:/Myproj/GitHub/convAccProject/convDesignTop/convDesignTop.srcs/sim_1/new/writeDriver.sv(70) @ 255000: uvm_test_top.env.wagent.wdrv [writeDrv] Driving data
UVM_INFO D:/Myproj/GitHub/convAccProject/convDesignTop/convDesignTop.srcs/sim_1/new/writeDriver.sv(70) @ 265000: uvm_test_top.env.wagent.wdrv [writeDrv] Driving data
UVM_INFO D:/Myproj/GitHub/convAccProject/convDesignTop/convDesignTop.srcs/sim_1/new/writeDriver.sv(70) @ 275000: uvm_test_top.env.wagent.wdrv [writeDrv] Driving data
UVM_INFO D:/Myproj/GitHub/convAccProject/convDesignTop/convDesignTop.srcs/sim_1/new/writeDriver.sv(70) @ 285000: uvm_test_top.env.wagent.wdrv [writeDrv] Driving data
UVM_INFO D:/Myproj/GitHub/convAccProject/convDesignTop/convDesignTop.srcs/sim_1/new/writeDriver.sv(70) @ 295000: uvm_test_top.env.wagent.wdrv [writeDrv] Driving data
UVM_INFO D:/Myproj/GitHub/convAccProject/convDesignTop/convDesignTop.srcs/sim_1/new/writeDriver.sv(70) @ 305000: uvm_test_top.env.wagent.wdrv [writeDrv] Driving data
UVM_INFO D:/Myproj/GitHub/convAccProject/convDesignTop/convDesignTop.srcs/sim_1/new/writeDriver.sv(70) @ 315000: uvm_test_top.env.wagent.wdrv [writeDrv] Driving data
UVM_INFO D:/Myproj/GitHub/convAccProject/convDesignTop/convDesignTop.srcs/sim_1/new/writeDriver.sv(70) @ 325000: uvm_test_top.env.wagent.wdrv [writeDrv] Driving data
UVM_INFO D:/Myproj/GitHub/convAccProject/convDesignTop/convDesignTop.srcs/sim_1/new/writeDriver.sv(70) @ 335000: uvm_test_top.env.wagent.wdrv [writeDrv] Driving data
UVM_INFO D:/Myproj/GitHub/convAccProject/convDesignTop/convDesignTop.srcs/sim_1/new/writeDriver.sv(70) @ 345000: uvm_test_top.env.wagent.wdrv [writeDrv] Driving data
UVM_INFO D:/Myproj/GitHub/convAccProject/convDesignTop/convDesignTop.srcs/sim_1/new/writeDriver.sv(70) @ 355000: uvm_test_top.env.wagent.wdrv [writeDrv] Driving data
UVM_INFO D:/Myproj/GitHub/convAccProject/convDesignTop/convDesignTop.srcs/sim_1/new/writeDriver.sv(70) @ 365000: uvm_test_top.env.wagent.wdrv [writeDrv] Driving data
UVM_INFO D:/Myproj/GitHub/convAccProject/convDesignTop/convDesignTop.srcs/sim_1/new/writeDriver.sv(70) @ 375000: uvm_test_top.env.wagent.wdrv [writeDrv] Driving data
UVM_INFO D:/Myproj/GitHub/convAccProject/convDesignTop/convDesignTop.srcs/sim_1/new/writeDriver.sv(70) @ 385000: uvm_test_top.env.wagent.wdrv [writeDrv] Driving data
UVM_INFO D:/Myproj/GitHub/convAccProject/convDesignTop/convDesignTop.srcs/sim_1/new/writeDriver.sv(70) @ 395000: uvm_test_top.env.wagent.wdrv [writeDrv] Driving data
UVM_INFO D:/Myproj/GitHub/convAccProject/convDesignTop/convDesignTop.srcs/sim_1/new/writeDriver.sv(70) @ 405000: uvm_test_top.env.wagent.wdrv [writeDrv] Driving data
UVM_INFO D:/Myproj/GitHub/convAccProject/convDesignTop/convDesignTop.srcs/sim_1/new/writeDriver.sv(70) @ 415000: uvm_test_top.env.wagent.wdrv [writeDrv] Driving data
UVM_INFO D:/Myproj/GitHub/convAccProject/convDesignTop/convDesignTop.srcs/sim_1/new/writeDriver.sv(70) @ 425000: uvm_test_top.env.wagent.wdrv [writeDrv] Driving data
UVM_INFO D:/Myproj/GitHub/convAccProject/convDesignTop/convDesignTop.srcs/sim_1/new/writeDriver.sv(70) @ 435000: uvm_test_top.env.wagent.wdrv [writeDrv] Driving data
UVM_INFO D:/Myproj/GitHub/convAccProject/convDesignTop/convDesignTop.srcs/sim_1/new/writeDriver.sv(70) @ 445000: uvm_test_top.env.wagent.wdrv [writeDrv] Driving data
UVM_INFO D:/Myproj/GitHub/convAccProject/convDesignTop/convDesignTop.srcs/sim_1/new/writeDriver.sv(70) @ 455000: uvm_test_top.env.wagent.wdrv [writeDrv] Driving data
UVM_INFO D:/Myproj/GitHub/convAccProject/convDesignTop/convDesignTop.srcs/sim_1/new/writeDriver.sv(70) @ 465000: uvm_test_top.env.wagent.wdrv [writeDrv] Driving data
UVM_INFO D:/Myproj/GitHub/convAccProject/convDesignTop/convDesignTop.srcs/sim_1/new/writeDriver.sv(70) @ 475000: uvm_test_top.env.wagent.wdrv [writeDrv] Driving data
UVM_INFO D:/Myproj/GitHub/convAccProject/convDesignTop/convDesignTop.srcs/sim_1/new/writeDriver.sv(70) @ 485000: uvm_test_top.env.wagent.wdrv [writeDrv] Driving data
UVM_INFO D:/Myproj/GitHub/convAccProject/convDesignTop/convDesignTop.srcs/sim_1/new/writeDriver.sv(70) @ 495000: uvm_test_top.env.wagent.wdrv [writeDrv] Driving data
UVM_INFO D:/Myproj/GitHub/convAccProject/convDesignTop/convDesignTop.srcs/sim_1/new/writeDriver.sv(70) @ 505000: uvm_test_top.env.wagent.wdrv [writeDrv] Driving data
UVM_INFO D:/Myproj/GitHub/convAccProject/convDesignTop/convDesignTop.srcs/sim_1/new/writeDriver.sv(70) @ 515000: uvm_test_top.env.wagent.wdrv [writeDrv] Driving data
UVM_INFO D:/Myproj/GitHub/convAccProject/convDesignTop/convDesignTop.srcs/sim_1/new/writeDriver.sv(70) @ 525000: uvm_test_top.env.wagent.wdrv [writeDrv] Driving data
UVM_INFO D:/Myproj/GitHub/convAccProject/convDesignTop/convDesignTop.srcs/sim_1/new/writeDriver.sv(70) @ 535000: uvm_test_top.env.wagent.wdrv [writeDrv] Driving data
UVM_INFO D:/Myproj/GitHub/convAccProject/convDesignTop/convDesignTop.srcs/sim_1/new/writeDriver.sv(70) @ 545000: uvm_test_top.env.wagent.wdrv [writeDrv] Driving data
UVM_INFO D:/Myproj/GitHub/convAccProject/convDesignTop/convDesignTop.srcs/sim_1/new/writeDriver.sv(70) @ 555000: uvm_test_top.env.wagent.wdrv [writeDrv] Driving data
UVM_INFO D:/Myproj/GitHub/convAccProject/convDesignTop/convDesignTop.srcs/sim_1/new/writeDriver.sv(70) @ 565000: uvm_test_top.env.wagent.wdrv [writeDrv] Driving data
UVM_INFO D:/Myproj/GitHub/convAccProject/convDesignTop/convDesignTop.srcs/sim_1/new/writeDriver.sv(70) @ 575000: uvm_test_top.env.wagent.wdrv [writeDrv] Driving data
UVM_INFO D:/Myproj/GitHub/convAccProject/convDesignTop/convDesignTop.srcs/sim_1/new/writeDriver.sv(70) @ 585000: uvm_test_top.env.wagent.wdrv [writeDrv] Driving data
UVM_INFO D:/Myproj/GitHub/convAccProject/convDesignTop/convDesignTop.srcs/sim_1/new/writeDriver.sv(70) @ 595000: uvm_test_top.env.wagent.wdrv [writeDrv] Driving data
UVM_INFO D:/Myproj/GitHub/convAccProject/convDesignTop/convDesignTop.srcs/sim_1/new/writeDriver.sv(70) @ 605000: uvm_test_top.env.wagent.wdrv [writeDrv] Driving data
UVM_INFO D:/Myproj/GitHub/convAccProject/convDesignTop/convDesignTop.srcs/sim_1/new/writeDriver.sv(70) @ 615000: uvm_test_top.env.wagent.wdrv [writeDrv] Driving data
UVM_INFO D:/Myproj/GitHub/convAccProject/convDesignTop/convDesignTop.srcs/sim_1/new/writeDriver.sv(70) @ 625000: uvm_test_top.env.wagent.wdrv [writeDrv] Driving data
UVM_INFO D:/Myproj/GitHub/convAccProject/convDesignTop/convDesignTop.srcs/sim_1/new/writeDriver.sv(70) @ 635000: uvm_test_top.env.wagent.wdrv [writeDrv] Driving data
UVM_INFO D:/Myproj/GitHub/convAccProject/convDesignTop/convDesignTop.srcs/sim_1/new/writeDriver.sv(70) @ 645000: uvm_test_top.env.wagent.wdrv [writeDrv] Driving data
UVM_INFO D:/Myproj/GitHub/convAccProject/convDesignTop/convDesignTop.srcs/sim_1/new/writeDriver.sv(70) @ 655000: uvm_test_top.env.wagent.wdrv [writeDrv] Driving data
UVM_INFO D:/Myproj/GitHub/convAccProject/convDesignTop/convDesignTop.srcs/sim_1/new/writeDriver.sv(70) @ 665000: uvm_test_top.env.wagent.wdrv [writeDrv] Driving data
UVM_INFO D:/Myproj/GitHub/convAccProject/convDesignTop/convDesignTop.srcs/sim_1/new/writeDriver.sv(70) @ 675000: uvm_test_top.env.wagent.wdrv [writeDrv] Driving data
UVM_INFO D:/Myproj/GitHub/convAccProject/convDesignTop/convDesignTop.srcs/sim_1/new/writeDriver.sv(70) @ 685000: uvm_test_top.env.wagent.wdrv [writeDrv] Driving data
UVM_INFO D:/Myproj/GitHub/convAccProject/convDesignTop/convDesignTop.srcs/sim_1/new/writeDriver.sv(70) @ 695000: uvm_test_top.env.wagent.wdrv [writeDrv] Driving data
UVM_INFO D:/Myproj/GitHub/convAccProject/convDesignTop/convDesignTop.srcs/sim_1/new/writeDriver.sv(70) @ 705000: uvm_test_top.env.wagent.wdrv [writeDrv] Driving data
UVM_INFO D:/Myproj/GitHub/convAccProject/convDesignTop/convDesignTop.srcs/sim_1/new/writeDriver.sv(70) @ 715000: uvm_test_top.env.wagent.wdrv [writeDrv] Driving data
UVM_INFO D:/AMDDesignTools/2025.2/Vivado/data/system_verilog/uvm_1.2/xlnx_uvm_package.sv(19968) @ 925000: reporter [TEST_DONE] 'run' phase is ready to proceed to the 'extract' phase
UVM_INFO D:/AMDDesignTools/2025.2/Vivado/data/system_verilog/uvm_1.2/xlnx_uvm_package.sv(13673) @ 925000: reporter [UVM/REPORT/SERVER] 
--- UVM Report Summary ---

** Report counts by severity
UVM_INFO :   68
UVM_WARNING :    0
UVM_ERROR :    0
UVM_FATAL :    0
** Report counts by id
[RNTST]     1
[TEST_DONE]     1
[UVM/COMP/NAMECHECK]     1
[UVM/RELNOTES]     1
[writeDrv]    64

$finish called at time : 925 ns : File "D:/AMDDesignTools/2025.2/Vivado/data/system_verilog/uvm_1.2/xlnx_uvm_package.sv" Line 18699
